<?xml version="1.0" encoding="UTF-8"?>
<testsuite xmlns:xsi="http://www.w3.org/2001/XMLSchema-instance" xsi:noNamespaceSchemaLocation="https://maven.apache.org/surefire/maven-surefire-plugin/xsd/surefire-test-report.xsd" version="3.0.2" name="com.smartforum.Week1IntegrationTest" time="17.412" tests="8" errors="2" skipped="0" failures="1">
  <properties>
[...]
</properties>
  <testcase name="pingEndpointReturnsOk" classname="com.smartforum.Week1IntegrationTest" time="1.198">
    <system-out><![CDATA[[LocalCache] Schema initialised.
]]></system-out>
  </testcase>
  <testcase name="apiLoginReturnsTokenAndUser" classname="com.smartforum.Week1IntegrationTest" time="2.022">
    <system-out><![CDATA[[T2] Logged in as: AuthUser{id=1, name='Test User', role='member'}
]]></system-out>
  </testcase>
  <testcase name="invalidCredentialsThrowAuthException" classname="com.smartforum.Week1IntegrationTest" time="1.403"/>
  <testcase name="dashboardReturnsRequiredFields" classname="com.smartforum.Week1IntegrationTest" time="1.433">
    <error message="HTTP 500" type="java.io.IOException"><![CDATA[java.io.IOException: HTTP 500
	at com.smartforum.api.ApiClient.get(ApiClient.java:45)
	at com.smartforum.Week1IntegrationTest.dashboardReturnsRequiredFields(Week1IntegrationTest.java:134)
	at java.base/java.lang.reflect.Method.invoke(Method.java:565)
	at java.base/java.util.ArrayList.forEach(ArrayList.java:1604)
	at java.base/java.util.ArrayList.forEach(ArrayList.java:1604)
]]></error>
  </testcase>
  <testcase name="dashboardRequiresAuth" classname="com.smartforum.Week1IntegrationTest" time="0.975"/>
  <testcase name="loginPersistsSessionToCache" classname="com.smartforum.Week1IntegrationTest" time="1.843"/>
  <testcase name="logoutRevokesToken" classname="com.smartforum.Week1IntegrationTest" time="2.633">
    <failure message="Token should be valid before logout ==&gt; Unexpected exception thrown: java.io.IOException: HTTP 500" type="org.opentest4j.AssertionFailedError"><![CDATA[org.opentest4j.AssertionFailedError: Token should be valid before logout ==> Unexpected exception thrown: java.io.IOException: HTTP 500
	at org.junit.jupiter.api.AssertionFailureBuilder.build(AssertionFailureBuilder.java:152)
	at org.junit.jupiter.api.AssertDoesNotThrow.createAssertionFailedError(AssertDoesNotThrow.java:84)
	at org.junit.jupiter.api.AssertDoesNotThrow.assertDoesNotThrow(AssertDoesNotThrow.java:75)
	at org.junit.jupiter.api.AssertDoesNotThrow.assertDoesNotThrow(AssertDoesNotThrow.java:62)
	at org.junit.jupiter.api.Assertions.assertDoesNotThrow(Assertions.java:3280)
	at com.smartforum.Week1IntegrationTest.logoutRevokesToken(Week1IntegrationTest.java:219)
	at java.base/java.lang.reflect.Method.invoke(Method.java:565)
	at java.base/java.util.ArrayList.forEach(ArrayList.java:1604)
	at java.base/java.util.ArrayList.forEach(ArrayList.java:1604)
Caused by: java.io.IOException: HTTP 500
	at com.smartforum.api.ApiClient.get(ApiClient.java:45)
	at com.smartforum.Week1IntegrationTest.lambda$logoutRevokesToken$0(Week1IntegrationTest.java:219)
	at org.junit.jupiter.api.AssertDoesNotThrow.assertDoesNotThrow(AssertDoesNotThrow.java:71)
	... 6 more
]]></failure>
  </testcase>
  <testcase name="offlineFallbackReturnsCachedSession" classname="com.smartforum.Week1IntegrationTest" time="3.004">
    <error message="Invalid credentials." type="com.smartforum.auth.AuthException"><![CDATA[com.smartforum.auth.AuthException: Invalid credentials.
	at com.smartforum.auth.AuthService.login(AuthService.java:63)
	at com.smartforum.Week1IntegrationTest.offlineFallbackReturnsCachedSession(Week1IntegrationTest.java:252)
	at java.base/java.lang.reflect.Method.invoke(Method.java:565)
	at java.base/java.util.ArrayList.forEach(ArrayList.java:1604)
	at java.base/java.util.ArrayList.forEach(ArrayList.java:1604)
]]></error>
  </testcase>
</testsuite>