<?xml version="1.0" encoding="UTF-8"?>
<testsuite xmlns:xsi="http://www.w3.org/2001/XMLSchema-instance" xsi:noNamespaceSchemaLocation="https://maven.apache.org/surefire/maven-surefire-plugin/xsd/surefire-test-report.xsd" version="3.0.2" name="com.smartforum.LocalCacheDatabaseTest" time="3.143" tests="3" errors="0" skipped="0" failures="0">
  <properties>
[...]
</properties>
  <testcase name="schemaCreatesAllTables" classname="com.smartforum.LocalCacheDatabaseTest" time="0.078">
    <system-out><![CDATA[[LocalCache] Schema initialised.
]]></system-out>
  </testcase>
  <testcase name="canInsertAndReadPendingMessage" classname="com.smartforum.LocalCacheDatabaseTest" time="0.047"/>
  <testcase name="markAllSyncedUpdatesRecords" classname="com.smartforum.LocalCacheDatabaseTest" time="0.016"/>
</testsuite>